2004.10.07 11:44 B C:\work\ranlip\distributions\libranlip-1.0\aclocal.m4 --> smaug.cm.deakin.edu.au /home/gleb/backups/6.4.04/work/ranlip/distributions/libranlip-1.0 aclocal.m4
2004.10.07 11:44 B C:\work\ranlip\distributions\libranlip-1.0\AUTHORS --> smaug.cm.deakin.edu.au /home/gleb/backups/6.4.04/work/ranlip/distributions/libranlip-1.0 AUTHORS
2004.10.07 11:44 B C:\work\ranlip\distributions\libranlip-1.0\ChangeLog --> smaug.cm.deakin.edu.au /home/gleb/backups/6.4.04/work/ranlip/distributions/libranlip-1.0 ChangeLog
2004.10.07 11:44 B C:\work\ranlip\distributions\libranlip-1.0\config.guess --> smaug.cm.deakin.edu.au /home/gleb/backups/6.4.04/work/ranlip/distributions/libranlip-1.0 config.guess
2004.10.07 11:44 B C:\work\ranlip\distributions\libranlip-1.0\config.h.in --> smaug.cm.deakin.edu.au /home/gleb/backups/6.4.04/work/ranlip/distributions/libranlip-1.0 config.h.in
2004.10.07 11:44 B C:\work\ranlip\distributions\libranlip-1.0\config.sub --> smaug.cm.deakin.edu.au /home/gleb/backups/6.4.04/work/ranlip/distributions/libranlip-1.0 config.sub
2004.10.07 11:44 B C:\work\ranlip\distributions\libranlip-1.0\configure --> smaug.cm.deakin.edu.au /home/gleb/backups/6.4.04/work/ranlip/distributions/libranlip-1.0 configure
2004.10.07 11:44 B C:\work\ranlip\distributions\libranlip-1.0\configure.ac --> smaug.cm.deakin.edu.au /home/gleb/backups/6.4.04/work/ranlip/distributions/libranlip-1.0 configure.ac
2004.10.07 11:44 B C:\work\ranlip\distributions\libranlip-1.0\COPYING --> smaug.cm.deakin.edu.au /home/gleb/backups/6.4.04/work/ranlip/distributions/libranlip-1.0 COPYING
2004.10.07 11:44 B C:\work\ranlip\distributions\libranlip-1.0\depcomp --> smaug.cm.deakin.edu.au /home/gleb/backups/6.4.04/work/ranlip/distributions/libranlip-1.0 depcomp
2004.10.07 11:44 B C:\work\ranlip\distributions\libranlip-1.0\INSTALL --> smaug.cm.deakin.edu.au /home/gleb/backups/6.4.04/work/ranlip/distributions/libranlip-1.0 INSTALL
2004.10.07 11:44 B C:\work\ranlip\distributions\libranlip-1.0\install-sh --> smaug.cm.deakin.edu.au /home/gleb/backups/6.4.04/work/ranlip/distributions/libranlip-1.0 install-sh
2004.10.07 11:44 B C:\work\ranlip\distributions\libranlip-1.0\ltmain.sh --> smaug.cm.deakin.edu.au /home/gleb/backups/6.4.04/work/ranlip/distributions/libranlip-1.0 ltmain.sh
2004.10.07 11:44 B C:\work\ranlip\distributions\libranlip-1.0\Makefile.am --> smaug.cm.deakin.edu.au /home/gleb/backups/6.4.04/work/ranlip/distributions/libranlip-1.0 Makefile.am
2004.10.07 11:44 B C:\work\ranlip\distributions\libranlip-1.0\Makefile.in --> smaug.cm.deakin.edu.au /home/gleb/backups/6.4.04/work/ranlip/distributions/libranlip-1.0 Makefile.in
2004.10.07 11:44 B C:\work\ranlip\distributions\libranlip-1.0\missing --> smaug.cm.deakin.edu.au /home/gleb/backups/6.4.04/work/ranlip/distributions/libranlip-1.0 missing
2004.10.07 11:44 B C:\work\ranlip\distributions\libranlip-1.0\mkinstalldirs --> smaug.cm.deakin.edu.au /home/gleb/backups/6.4.04/work/ranlip/distributions/libranlip-1.0 mkinstalldirs
2004.10.07 11:44 B C:\work\ranlip\distributions\libranlip-1.0\NEWS --> smaug.cm.deakin.edu.au /home/gleb/backups/6.4.04/work/ranlip/distributions/libranlip-1.0 NEWS
2004.10.07 11:44 B C:\work\ranlip\distributions\libranlip-1.0\ranlip.info --> smaug.cm.deakin.edu.au /home/gleb/backups/6.4.04/work/ranlip/distributions/libranlip-1.0 ranlip.info
2004.10.07 11:44 B C:\work\ranlip\distributions\libranlip-1.0\ranlip.texinfo --> smaug.cm.deakin.edu.au /home/gleb/backups/6.4.04/work/ranlip/distributions/libranlip-1.0 ranlip.texinfo
2004.10.07 11:44 B C:\work\ranlip\distributions\libranlip-1.0\ranlipinstall --> smaug.cm.deakin.edu.au /home/gleb/backups/6.4.04/work/ranlip/distributions/libranlip-1.0 ranlipinstall
2004.10.07 11:44 B C:\work\ranlip\distributions\libranlip-1.0\ranlipuninstall --> smaug.cm.deakin.edu.au /home/gleb/backups/6.4.04/work/ranlip/distributions/libranlip-1.0 ranlipuninstall
2004.10.07 11:44 B C:\work\ranlip\distributions\libranlip-1.0\README --> smaug.cm.deakin.edu.au /home/gleb/backups/6.4.04/work/ranlip/distributions/libranlip-1.0 README
2004.10.07 11:44 B C:\work\ranlip\distributions\libranlip-1.0\texinfo.tex --> smaug.cm.deakin.edu.au /home/gleb/backups/6.4.04/work/ranlip/distributions/libranlip-1.0 texinfo.tex
